<?xml version="1.0" encoding="UTF-8"?>
<Site BuildName="(empty)"
	BuildStamp="20260526-0842-Experimental"
	Name="lio-laptop"
	Generator="ctest-3.16.3"
	CompilerName="/usr/bin/clang++"
	CompilerVersion="10.0.0"
	OSName="Linux"
	Hostname="lio-laptop"
	OSRelease="5.15.0-139-generic"
	OSVersion="#149~20.04.1-Ubuntu SMP Wed Apr 16 08:29:56 UTC 2025"
	OSPlatform="x86_64"
	Is64Bits="1"
	VendorString="GenuineIntel"
	VendorID="Intel Corporation"
	FamilyID="6"
	ModelID="141"
	ProcessorCacheSize="24576"
	NumberOfLogicalCPU="16"
	NumberOfPhysicalCPU="8"
	TotalVirtualMemory="2047"
	TotalPhysicalMemory="64079"
	LogicalProcessorsPerPhysical="2"
	ProcessorClockFrequency="3314.75"
	>
	<Testing>
		<StartDateTime>May 26 21:35 CST</StartDateTime>
		<StartTestTime>1779802543</StartTestTime>
		<TestList/>
		<EndDateTime>May 26 21:35 CST</EndDateTime>
		<EndTestTime>1779802543</EndTestTime>
		<ElapsedMinutes>0</ElapsedMinutes>
	</Testing>
</Site>
